<?xml version="1.0" encoding="UTF-8"?>
<!-- Generated by org.testng.reporters.JUnitReportReporter -->
<testsuite skipped="0" hostname="Admins-MacBook-Pro.local" name="pom_without_pagefactory.test.WebDriverSeleniumHQNoPFTest" tests="2" failures="0" timestamp="2020-01-13T16:54:05 PST" time="8.597" errors="0">
  <testcase name="SearchTermResultsAreNotEmptyTest" time="4.730" classname="pom_without_pagefactory.test.WebDriverSeleniumHQNoPFTest"/>
  <testcase name="ResultsWithSearchTermAreNotEmptyTest" time="3.867" classname="pom_without_pagefactory.test.WebDriverSeleniumHQNoPFTest"/>
</testsuite> <!-- pom_without_pagefactory.test.WebDriverSeleniumHQNoPFTest -->
