<?xml version="1.0" encoding="UTF-8"?>
<!-- Generated by org.testng.reporters.JUnitReportReporter -->
<testsuite skipped="0" hostname="Admins-MacBook-Pro.local" name="pom_pagefactory_with_abstractclass.test.WebdriverSeleniumHQwithPFTestWithAbstractClass" tests="3" failures="0" timestamp="2020-01-15T17:09:02 PST" time="13.360" errors="0">
  <testcase name="ResultsWithSearchTermAreNotEmptyTest2" time="3.958" classname="pom_pagefactory_with_abstractclass.test.WebdriverSeleniumHQwithPFTestWithAbstractClass"/>
  <testcase name="ResultsWithSearchTermAreNotEmptyTest" time="5.264" classname="pom_pagefactory_with_abstractclass.test.WebdriverSeleniumHQwithPFTestWithAbstractClass"/>
  <testcase name="SearchTermResultsAreNotEmptyTest" time="4.138" classname="pom_pagefactory_with_abstractclass.test.WebdriverSeleniumHQwithPFTestWithAbstractClass"/>
</testsuite> <!-- pom_pagefactory_with_abstractclass.test.WebdriverSeleniumHQwithPFTestWithAbstractClass -->
