<?xml version="1.0" encoding="UTF-8"?>
<!-- Generated by org.testng.reporters.JUnitReportReporter -->
<testsuite skipped="0" hostname="Admins-MacBook-Pro.local" name="without_pom.SeleniumHQHomePageNoPOM" tests="6" failures="0" timestamp="2020-01-13T11:54:13 PST" time="17.662" errors="0">
  <testcase name="SearchTermResultsAreNotEmptyTest" time="2.936" classname="without_pom.SeleniumHQHomePageNoPOM"/>
  <testcase name="openHomePageTest" time="1.887" classname="without_pom.SeleniumHQHomePageNoPOM"/>
  <testcase name="validateHomePageTitleTest" time="3.355" classname="without_pom.SeleniumHQHomePageNoPOM"/>
  <testcase name="ResultsWithSearchTermAreNotEmptyTest" time="3.342" classname="without_pom.SeleniumHQHomePageNoPOM"/>
  <testcase name="getIframeTest" time="3.126" classname="without_pom.SeleniumHQHomePageNoPOM"/>
  <testcase name="searchForTermsTest" time="3.016" classname="without_pom.SeleniumHQHomePageNoPOM"/>
</testsuite> <!-- without_pom.SeleniumHQHomePageNoPOM -->
