<?xml version="1.0" encoding="UTF-8"?>
<!-- Generated by org.testng.reporters.JUnitReportReporter -->
<testsuite skipped="0" hostname="Admins-MacBook-Pro.local" name="pom_with_pagefactory.test.WebdriverSeleniumHQwithPFTest" tests="2" failures="0" timestamp="2020-01-15T10:51:41 PST" time="7.051" errors="0">
  <testcase name="ResultsWithSearchTermAreNotEmptyTest" time="4.135" classname="pom_with_pagefactory.test.WebdriverSeleniumHQwithPFTest"/>
  <testcase name="SearchTermResultsAreNotEmptyTest" time="2.916" classname="pom_with_pagefactory.test.WebdriverSeleniumHQwithPFTest"/>
</testsuite> <!-- pom_with_pagefactory.test.WebdriverSeleniumHQwithPFTest -->
