<?xml version="1.0" encoding="UTF-8"?>
<!-- Generated by org.testng.reporters.JUnitReportReporter -->
<testsuite skipped="0" hostname="Admins-MacBook-Pro.local" name="pom_without_pagefactory.test.WebDriverSeleniumHQNoPFTest" tests="2" failures="0" timestamp="2020-01-15T10:54:26 PST" time="7.474" errors="0">
  <testcase name="ResultsWithSearchTermAreNotEmptyTest" time="4.533" classname="pom_without_pagefactory.test.WebDriverSeleniumHQNoPFTest"/>
  <testcase name="SearchTermResultsAreNotEmptyTest" time="2.941" classname="pom_without_pagefactory.test.WebDriverSeleniumHQNoPFTest"/>
</testsuite> <!-- pom_without_pagefactory.test.WebDriverSeleniumHQNoPFTest -->
