<?xml version="1.0" encoding="UTF-8"?>
<!-- Generated by org.testng.reporters.JUnitReportReporter -->
<testsuite skipped="0" hostname="Admins-MacBook-Pro.local" name="without_pom.SeleniumHQHomePageNoPOM" tests="8" failures="0" timestamp="2020-01-15T10:33:41 PST" time="20.660" errors="0">
  <testcase name="SearchTermResultsAreNotEmptyTest" time="4.528" classname="without_pom.SeleniumHQHomePageNoPOM"/>
  <testcase name="validateHomePageTitleTest" time="1.939" classname="without_pom.SeleniumHQHomePageNoPOM"/>
  <testcase name="addTermToDynamicPathTest" time="1.258" classname="without_pom.SeleniumHQHomePageNoPOM"/>
  <testcase name="searchForTermsTest" time="2.758" classname="without_pom.SeleniumHQHomePageNoPOM"/>
  <testcase name="ResultsWithSearchTermAreNotEmptyTest" time="3.936" classname="without_pom.SeleniumHQHomePageNoPOM"/>
  <testcase name="getIframeTest" time="3.015" classname="without_pom.SeleniumHQHomePageNoPOM"/>
  <testcase name="buildDynamicLocatorTest" time="1.275" classname="without_pom.SeleniumHQHomePageNoPOM"/>
  <testcase name="openHomePageTest" time="1.951" classname="without_pom.SeleniumHQHomePageNoPOM"/>
</testsuite> <!-- without_pom.SeleniumHQHomePageNoPOM -->
