<?xml version="1.0" encoding="UTF-8"?>
<!-- Generated by org.testng.reporters.JUnitReportReporter -->
<testsuite skipped="0" hostname="Admins-MacBook-Pro.local" name="pom_with_pagefactory.test.WebdriverSeleniumHQTest" tests="2" failures="0" timestamp="2020-01-13T14:44:56 PST" time="7.173" errors="0">
  <testcase name="SearchTermResultsAreNotEmptyTest" time="3.798" classname="pom_with_pagefactory.test.WebdriverSeleniumHQTest"/>
  <testcase name="ResultsWithSearchTermAreNotEmptyTest" time="3.375" classname="pom_with_pagefactory.test.WebdriverSeleniumHQTest"/>
</testsuite> <!-- pom_with_pagefactory.test.WebdriverSeleniumHQTest -->
